This file contains any messages produced by compilers while
running configure, to aid debugging if configure makes a mistake.

It was created by librcsc configure 4.1.0, which was
generated by GNU Autoconf 2.69.  Invocation command line was

  $ ./configure 

## --------- ##
## Platform. ##
## --------- ##

hostname = cristiano
uname -m = x86_64
uname -r = 5.4.0-65-generic
uname -s = Linux
uname -v = #73~18.04.1-Ubuntu SMP Tue Jan 19 09:02:24 UTC 2021

/usr/bin/uname -p = unknown
/bin/uname -X     = unknown

/bin/arch              = unknown
/usr/bin/arch -k       = unknown
/usr/convex/getsysinfo = unknown
/usr/bin/hostinfo      = unknown
/bin/machine           = unknown
/usr/bin/oslevel       = unknown
/bin/universe          = unknown

PATH: /usr/local/sbin
PATH: /usr/local/bin
PATH: /usr/sbin
PATH: /usr/bin
PATH: /sbin
PATH: /bin
PATH: /snap/bin


## ----------- ##
## Core tests. ##
## ----------- ##

configure:2614: checking for a BSD-compatible install
configure:2682: result: /usr/bin/install -c
configure:2693: checking whether build environment is sane
configure:2748: result: yes
configure:2899: checking for a thread-safe mkdir -p
configure:2938: result: /bin/mkdir -p
configure:2945: checking for gawk
configure:2975: result: no
configure:2945: checking for mawk
configure:2961: found /usr/bin/mawk
configure:2972: result: mawk
configure:2983: checking whether make sets $(MAKE)
configure:3005: result: yes
configure:3034: checking whether make supports nested variables
configure:3051: result: yes
configure:3219: checking build system type
configure:3233: result: x86_64-pc-linux-gnu
configure:3253: checking host system type
configure:3266: result: x86_64-pc-linux-gnu
configure:3307: checking how to print strings
configure:3334: result: printf
configure:3367: checking for style of include used by make
configure:3395: result: GNU
configure:3466: checking for gcc
configure:3482: found /usr/bin/gcc
configure:3493: result: gcc
configure:3722: checking for C compiler version
configure:3731: gcc --version >&5
gcc (Ubuntu 7.5.0-3ubuntu1~18.04) 7.5.0
Copyright (C) 2017 Free Software Foundation, Inc.
This is free software; see the source for copying conditions.  There is NO
warranty; not even for MERCHANTABILITY or FITNESS FOR A PARTICULAR PURPOSE.

configure:3742: $? = 0
configure:3731: gcc -v >&5
Using built-in specs.
COLLECT_GCC=gcc
COLLECT_LTO_WRAPPER=/usr/lib/gcc/x86_64-linux-gnu/7/lto-wrapper
OFFLOAD_TARGET_NAMES=nvptx-none
OFFLOAD_TARGET_DEFAULT=1
Target: x86_64-linux-gnu
Configured with: ../src/configure -v --with-pkgversion='Ubuntu 7.5.0-3ubuntu1~18.04' --with-bugurl=file:///usr/share/doc/gcc-7/README.Bugs --enable-languages=c,ada,c++,go,brig,d,fortran,objc,obj-c++ --prefix=/usr --with-gcc-major-version-only --program-suffix=-7 --program-prefix=x86_64-linux-gnu- --enable-shared --enable-linker-build-id --libexecdir=/usr/lib --without-included-gettext --enable-threads=posix --libdir=/usr/lib --enable-nls --enable-bootstrap --enable-clocale=gnu --enable-libstdcxx-debug --enable-libstdcxx-time=yes --with-default-libstdcxx-abi=new --enable-gnu-unique-object --disable-vtable-verify --enable-libmpx --enable-plugin --enable-default-pie --with-system-zlib --with-target-system-zlib --enable-objc-gc=auto --enable-multiarch --disable-werror --with-arch-32=i686 --with-abi=m64 --with-multilib-list=m32,m64,mx32 --enable-multilib --with-tune=generic --enable-offload-targets=nvptx-none --without-cuda-driver --enable-checking=release --build=x86_64-linux-gnu --host=x86_64-linux-gnu --target=x86_64-linux-gnu
Thread model: posix
gcc version 7.5.0 (Ubuntu 7.5.0-3ubuntu1~18.04) 
configure:3742: $? = 0
configure:3731: gcc -V >&5
gcc: error: unrecognized command line option '-V'
gcc: fatal error: no input files
compilation terminated.
configure:3742: $? = 1
configure:3731: gcc -qversion >&5
gcc: error: unrecognized command line option '-qversion'; did you mean '--version'?
gcc: fatal error: no input files
compilation terminated.
configure:3742: $? = 1
configure:3762: checking whether the C compiler works
configure:3784: gcc    conftest.c  >&5
configure:3788: $? = 0
configure:3836: result: yes
configure:3839: checking for C compiler default output file name
configure:3841: result: a.out
configure:3847: checking for suffix of executables
configure:3854: gcc -o conftest    conftest.c  >&5
configure:3858: $? = 0
configure:3880: result: 
configure:3902: checking whether we are cross compiling
configure:3910: gcc -o conftest    conftest.c  >&5
configure:3914: $? = 0
configure:3921: ./conftest
configure:3925: $? = 0
configure:3940: result: no
configure:3945: checking for suffix of object files
configure:3967: gcc -c   conftest.c >&5
configure:3971: $? = 0
configure:3992: result: o
configure:3996: checking whether we are using the GNU C compiler
configure:4015: gcc -c   conftest.c >&5
configure:4015: $? = 0
configure:4024: result: yes
configure:4033: checking whether gcc accepts -g
configure:4053: gcc -c -g  conftest.c >&5
configure:4053: $? = 0
configure:4094: result: yes
configure:4111: checking for gcc option to accept ISO C89
configure:4174: gcc  -c -g -O2  conftest.c >&5
configure:4174: $? = 0
configure:4187: result: none needed
configure:4212: checking whether gcc understands -c and -o together
configure:4234: gcc -c conftest.c -o conftest2.o
configure:4237: $? = 0
configure:4234: gcc -c conftest.c -o conftest2.o
configure:4237: $? = 0
configure:4249: result: yes
configure:4268: checking dependency style of gcc
configure:4379: result: gcc3
configure:4394: checking for a sed that does not truncate output
configure:4458: result: /bin/sed
configure:4476: checking for grep that handles long lines and -e
configure:4534: result: /bin/grep
configure:4539: checking for egrep
configure:4601: result: /bin/grep -E
configure:4606: checking for fgrep
configure:4668: result: /bin/grep -F
configure:4703: checking for ld used by gcc
configure:4770: result: /usr/bin/ld
configure:4777: checking if the linker (/usr/bin/ld) is GNU ld
configure:4792: result: yes
configure:4804: checking for BSD- or MS-compatible name lister (nm)
configure:4858: result: /usr/bin/nm -B
configure:4988: checking the name lister (/usr/bin/nm -B) interface
configure:4995:  -c   conftest.cpp >&5
./configure: line 4996: -c: command not found
configure:4998: /usr/bin/nm -B "conftest.o"
/usr/bin/nm: 'conftest.o': No such file
configure:5001: output
configure:5008: result: BSD nm
configure:5011: checking whether ln -s works
configure:5015: result: yes
configure:5023: checking the maximum length of command line arguments
configure:5154: result: 1572864
configure:5202: checking how to convert x86_64-pc-linux-gnu file names to x86_64-pc-linux-gnu format
configure:5242: result: func_convert_file_noop
configure:5249: checking how to convert x86_64-pc-linux-gnu file names to toolchain format
configure:5269: result: func_convert_file_noop
configure:5276: checking for /usr/bin/ld option to reload object files
configure:5283: result: -r
configure:5357: checking for objdump
configure:5373: found /usr/bin/objdump
configure:5384: result: objdump
configure:5416: checking how to recognize dependent libraries
configure:5616: result: pass_all
configure:5701: checking for dlltool
configure:5731: result: no
configure:5761: checking how to associate runtime and link libraries
configure:5788: result: printf %s\n
configure:5857: checking for g++
configure:5873: found /usr/bin/g++
configure:5884: result: g++
configure:5911: checking for C++ compiler version
configure:5920: g++ --version >&5
g++ (Ubuntu 7.5.0-3ubuntu1~18.04) 7.5.0
Copyright (C) 2017 Free Software Foundation, Inc.
This is free software; see the source for copying conditions.  There is NO
warranty; not even for MERCHANTABILITY or FITNESS FOR A PARTICULAR PURPOSE.

configure:5931: $? = 0
configure:5920: g++ -v >&5
Using built-in specs.
COLLECT_GCC=g++
COLLECT_LTO_WRAPPER=/usr/lib/gcc/x86_64-linux-gnu/7/lto-wrapper
OFFLOAD_TARGET_NAMES=nvptx-none
OFFLOAD_TARGET_DEFAULT=1
Target: x86_64-linux-gnu
Configured with: ../src/configure -v --with-pkgversion='Ubuntu 7.5.0-3ubuntu1~18.04' --with-bugurl=file:///usr/share/doc/gcc-7/README.Bugs --enable-languages=c,ada,c++,go,brig,d,fortran,objc,obj-c++ --prefix=/usr --with-gcc-major-version-only --program-suffix=-7 --program-prefix=x86_64-linux-gnu- --enable-shared --enable-linker-build-id --libexecdir=/usr/lib --without-included-gettext --enable-threads=posix --libdir=/usr/lib --enable-nls --enable-bootstrap --enable-clocale=gnu --enable-libstdcxx-debug --enable-libstdcxx-time=yes --with-default-libstdcxx-abi=new --enable-gnu-unique-object --disable-vtable-verify --enable-libmpx --enable-plugin --enable-default-pie --with-system-zlib --with-target-system-zlib --enable-objc-gc=auto --enable-multiarch --disable-werror --with-arch-32=i686 --with-abi=m64 --with-multilib-list=m32,m64,mx32 --enable-multilib --with-tune=generic --enable-offload-targets=nvptx-none --without-cuda-driver --enable-checking=release --build=x86_64-linux-gnu --host=x86_64-linux-gnu --target=x86_64-linux-gnu
Thread model: posix
gcc version 7.5.0 (Ubuntu 7.5.0-3ubuntu1~18.04) 
configure:5931: $? = 0
configure:5920: g++ -V >&5
g++: error: unrecognized command line option '-V'
g++: fatal error: no input files
compilation terminated.
configure:5931: $? = 1
configure:5920: g++ -qversion >&5
g++: error: unrecognized command line option '-qversion'; did you mean '--version'?
g++: fatal error: no input files
compilation terminated.
configure:5931: $? = 1
configure:5935: checking whether we are using the GNU C++ compiler
configure:5954: g++ -c   conftest.cpp >&5
configure:5954: $? = 0
configure:5963: result: yes
configure:5972: checking whether g++ accepts -g
configure:5992: g++ -c -g  conftest.cpp >&5
configure:5992: $? = 0
configure:6033: result: yes
configure:6058: checking dependency style of g++
configure:6169: result: gcc3
configure:6234: checking for ar
configure:6250: found /usr/bin/ar
configure:6261: result: ar
configure:6298: checking for archiver @FILE support
configure:6315: g++ -c -g -O2  conftest.cpp >&5
configure:6315: $? = 0
configure:6318: ar cru libconftest.a @conftest.lst >&5
ar: `u' modifier ignored since `D' is the default (see `U')
configure:6321: $? = 0
configure:6326: ar cru libconftest.a @conftest.lst >&5
ar: `u' modifier ignored since `D' is the default (see `U')
ar: conftest.o: No such file or directory
configure:6329: $? = 1
configure:6341: result: @
configure:6399: checking for strip
configure:6415: found /usr/bin/strip
configure:6426: result: strip
configure:6498: checking for ranlib
configure:6514: found /usr/bin/ranlib
configure:6525: result: ranlib
configure:6627: checking command to parse /usr/bin/nm -B output from gcc object
configure:6780: g++ -c -g -O2  conftest.cpp >&5
configure:6783: $? = 0
configure:6787: /usr/bin/nm -B conftest.o \| sed -n -e 's/^.*[ ]\([ABCDGIRSTW][ABCDGIRSTW]*\)[ ][ ]*\([_A-Za-z][_A-Za-z0-9]*\)$/\1 \2 \2/p' | sed '/ __gnu_lto/d' \> conftest.nm
configure:6790: $? = 0
configure:6856: g++ -o conftest -g -O2   conftest.cpp conftstm.o >&5
configure:6859: $? = 0
configure:6897: result: ok
configure:6944: checking for sysroot
configure:6974: result: no
configure:6981: checking for a working dd
configure:7019: result: /bin/dd
configure:7023: checking how to truncate binary pipes
configure:7038: result: /bin/dd bs=4096 count=1
configure:7175: g++ -c -g -O2  conftest.cpp >&5
configure:7178: $? = 0
configure:7368: checking for mt
configure:7384: found /bin/mt
configure:7395: result: mt
configure:7418: checking if mt is a manifest tool
configure:7424: mt '-?'
configure:7432: result: no
configure:8109: checking how to run the C preprocessor
configure:8140: gcc -E  conftest.c
configure:8140: $? = 0
configure:8154: gcc -E  conftest.c
conftest.c:11:10: fatal error: ac_nonexistent.h: No such file or directory
 #include <ac_nonexistent.h>
          ^~~~~~~~~~~~~~~~~~
compilation terminated.
configure:8154: $? = 1
configure: failed program was:
| /* confdefs.h */
| #define PACKAGE_NAME "librcsc"
| #define PACKAGE_TARNAME "librcsc"
| #define PACKAGE_VERSION "4.1.0"
| #define PACKAGE_STRING "librcsc 4.1.0"
| #define PACKAGE_BUGREPORT "akky@users.sourceforge.jp"
| #define PACKAGE_URL ""
| #define PACKAGE "librcsc"
| #define VERSION "4.1.0"
| /* end confdefs.h.  */
| #include <ac_nonexistent.h>
configure:8179: result: gcc -E
configure:8199: gcc -E  conftest.c
configure:8199: $? = 0
configure:8213: gcc -E  conftest.c
conftest.c:11:10: fatal error: ac_nonexistent.h: No such file or directory
 #include <ac_nonexistent.h>
          ^~~~~~~~~~~~~~~~~~
compilation terminated.
configure:8213: $? = 1
configure: failed program was:
| /* confdefs.h */
| #define PACKAGE_NAME "librcsc"
| #define PACKAGE_TARNAME "librcsc"
| #define PACKAGE_VERSION "4.1.0"
| #define PACKAGE_STRING "librcsc 4.1.0"
| #define PACKAGE_BUGREPORT "akky@users.sourceforge.jp"
| #define PACKAGE_URL ""
| #define PACKAGE "librcsc"
| #define VERSION "4.1.0"
| /* end confdefs.h.  */
| #include <ac_nonexistent.h>
configure:8242: checking for ANSI C header files
configure:8262: gcc -c -g -O2  conftest.c >&5
configure:8262: $? = 0
configure:8335: gcc -o conftest -g -O2   conftest.c  >&5
configure:8335: $? = 0
configure:8335: ./conftest
configure:8335: $? = 0
configure:8346: result: yes
configure:8359: checking for sys/types.h
configure:8359: gcc -c -g -O2  conftest.c >&5
configure:8359: $? = 0
configure:8359: result: yes
configure:8359: checking for sys/stat.h
configure:8359: gcc -c -g -O2  conftest.c >&5
configure:8359: $? = 0
configure:8359: result: yes
configure:8359: checking for stdlib.h
configure:8359: gcc -c -g -O2  conftest.c >&5
configure:8359: $? = 0
configure:8359: result: yes
configure:8359: checking for string.h
configure:8359: gcc -c -g -O2  conftest.c >&5
configure:8359: $? = 0
configure:8359: result: yes
configure:8359: checking for memory.h
configure:8359: gcc -c -g -O2  conftest.c >&5
configure:8359: $? = 0
configure:8359: result: yes
configure:8359: checking for strings.h
configure:8359: gcc -c -g -O2  conftest.c >&5
configure:8359: $? = 0
configure:8359: result: yes
configure:8359: checking for inttypes.h
configure:8359: gcc -c -g -O2  conftest.c >&5
configure:8359: $? = 0
configure:8359: result: yes
configure:8359: checking for stdint.h
configure:8359: gcc -c -g -O2  conftest.c >&5
configure:8359: $? = 0
configure:8359: result: yes
configure:8359: checking for unistd.h
configure:8359: gcc -c -g -O2  conftest.c >&5
configure:8359: $? = 0
configure:8359: result: yes
configure:8373: checking for dlfcn.h
configure:8373: gcc -c -g -O2  conftest.c >&5
configure:8373: $? = 0
configure:8373: result: yes
configure:8637: checking for objdir
configure:8652: result: .libs
configure:8916: checking if gcc supports -fno-rtti -fno-exceptions
configure:8934: gcc -c -g -O2  -fno-rtti -fno-exceptions conftest.c >&5
cc1: warning: command line option '-fno-rtti' is valid for C++/ObjC++ but not for C
configure:8938: $? = 0
configure:8951: result: no
configure:9309: checking for gcc option to produce PIC
configure:9316: result: -fPIC -DPIC
configure:9324: checking if gcc PIC flag -fPIC -DPIC works
configure:9342: gcc -c -g -O2  -fPIC -DPIC -DPIC conftest.c >&5
configure:9346: $? = 0
configure:9359: result: yes
configure:9388: checking if gcc static flag -static works
configure:9416: result: yes
configure:9431: checking if gcc supports -c -o file.o
configure:9452: gcc -c -g -O2  -o out/conftest2.o conftest.c >&5
configure:9456: $? = 0
configure:9478: result: yes
configure:9486: checking if gcc supports -c -o file.o
configure:9533: result: yes
configure:9566: checking whether the gcc linker (/usr/bin/ld -m elf_x86_64) supports shared libraries
configure:10829: result: yes
configure:10866: checking whether -lc should be explicitly linked in
configure:10874: gcc -c -g -O2  conftest.c >&5
configure:10877: $? = 0
configure:10892: gcc -shared  -fPIC -DPIC conftest.o  -v -Wl,-soname -Wl,conftest -o conftest 2\>\&1 \| /bin/grep  -lc  \>/dev/null 2\>\&1
configure:10895: $? = 0
configure:10909: result: no
configure:11069: checking dynamic linker characteristics
configure:11650: gcc -o conftest -g -O2   -Wl,-rpath -Wl,/foo conftest.c  >&5
configure:11650: $? = 0
configure:11899: result: GNU/Linux ld.so
configure:12021: checking how to hardcode library paths into programs
configure:12046: result: immediate
configure:12594: checking whether stripping libraries is possible
configure:12599: result: yes
configure:12634: checking if libtool supports shared libraries
configure:12636: result: yes
configure:12639: checking whether to build shared libraries
configure:12664: result: yes
configure:12667: checking whether to build static libraries
configure:12671: result: no
configure:12694: checking how to run the C++ preprocessor
configure:12721: g++ -E  conftest.cpp
configure:12721: $? = 0
configure:12735: g++ -E  conftest.cpp
conftest.cpp:23:10: fatal error: ac_nonexistent.h: No such file or directory
 #include <ac_nonexistent.h>
          ^~~~~~~~~~~~~~~~~~
compilation terminated.
configure:12735: $? = 1
configure: failed program was:
| /* confdefs.h */
| #define PACKAGE_NAME "librcsc"
| #define PACKAGE_TARNAME "librcsc"
| #define PACKAGE_VERSION "4.1.0"
| #define PACKAGE_STRING "librcsc 4.1.0"
| #define PACKAGE_BUGREPORT "akky@users.sourceforge.jp"
| #define PACKAGE_URL ""
| #define PACKAGE "librcsc"
| #define VERSION "4.1.0"
| #define STDC_HEADERS 1
| #define HAVE_SYS_TYPES_H 1
| #define HAVE_SYS_STAT_H 1
| #define HAVE_STDLIB_H 1
| #define HAVE_STRING_H 1
| #define HAVE_MEMORY_H 1
| #define HAVE_STRINGS_H 1
| #define HAVE_INTTYPES_H 1
| #define HAVE_STDINT_H 1
| #define HAVE_UNISTD_H 1
| #define HAVE_DLFCN_H 1
| #define LT_OBJDIR ".libs/"
| /* end confdefs.h.  */
| #include <ac_nonexistent.h>
configure:12760: result: g++ -E
configure:12780: g++ -E  conftest.cpp
configure:12780: $? = 0
configure:12794: g++ -E  conftest.cpp
conftest.cpp:23:10: fatal error: ac_nonexistent.h: No such file or directory
 #include <ac_nonexistent.h>
          ^~~~~~~~~~~~~~~~~~
compilation terminated.
configure:12794: $? = 1
configure: failed program was:
| /* confdefs.h */
| #define PACKAGE_NAME "librcsc"
| #define PACKAGE_TARNAME "librcsc"
| #define PACKAGE_VERSION "4.1.0"
| #define PACKAGE_STRING "librcsc 4.1.0"
| #define PACKAGE_BUGREPORT "akky@users.sourceforge.jp"
| #define PACKAGE_URL ""
| #define PACKAGE "librcsc"
| #define VERSION "4.1.0"
| #define STDC_HEADERS 1
| #define HAVE_SYS_TYPES_H 1
| #define HAVE_SYS_STAT_H 1
| #define HAVE_STDLIB_H 1
| #define HAVE_STRING_H 1
| #define HAVE_MEMORY_H 1
| #define HAVE_STRINGS_H 1
| #define HAVE_INTTYPES_H 1
| #define HAVE_STDINT_H 1
| #define HAVE_UNISTD_H 1
| #define HAVE_DLFCN_H 1
| #define LT_OBJDIR ".libs/"
| /* end confdefs.h.  */
| #include <ac_nonexistent.h>
configure:12956: checking for ld used by g++
configure:13023: result: /usr/bin/ld -m elf_x86_64
configure:13030: checking if the linker (/usr/bin/ld -m elf_x86_64) is GNU ld
configure:13045: result: yes
configure:13100: checking whether the g++ linker (/usr/bin/ld -m elf_x86_64) supports shared libraries
configure:14173: result: yes
configure:14209: g++ -c -g -O2  conftest.cpp >&5
configure:14212: $? = 0
configure:14693: checking for g++ option to produce PIC
configure:14700: result: -fPIC -DPIC
configure:14708: checking if g++ PIC flag -fPIC -DPIC works
configure:14726: g++ -c -g -O2  -fPIC -DPIC -DPIC conftest.cpp >&5
configure:14730: $? = 0
configure:14743: result: yes
configure:14766: checking if g++ static flag -static works
configure:14794: result: yes
configure:14806: checking if g++ supports -c -o file.o
configure:14827: g++ -c -g -O2  -o out/conftest2.o conftest.cpp >&5
configure:14831: $? = 0
configure:14853: result: yes
configure:14858: checking if g++ supports -c -o file.o
configure:14905: result: yes
configure:14935: checking whether the g++ linker (/usr/bin/ld -m elf_x86_64) supports shared libraries
configure:14978: result: yes
configure:15119: checking dynamic linker characteristics
configure:15876: result: GNU/Linux ld.so
configure:15941: checking how to hardcode library paths into programs
configure:15966: result: immediate
configure:16149: checking for C++ compiler version
configure:16158: g++ --version >&5
g++ (Ubuntu 7.5.0-3ubuntu1~18.04) 7.5.0
Copyright (C) 2017 Free Software Foundation, Inc.
This is free software; see the source for copying conditions.  There is NO
warranty; not even for MERCHANTABILITY or FITNESS FOR A PARTICULAR PURPOSE.

configure:16169: $? = 0
configure:16158: g++ -v >&5
Using built-in specs.
COLLECT_GCC=g++
COLLECT_LTO_WRAPPER=/usr/lib/gcc/x86_64-linux-gnu/7/lto-wrapper
OFFLOAD_TARGET_NAMES=nvptx-none
OFFLOAD_TARGET_DEFAULT=1
Target: x86_64-linux-gnu
Configured with: ../src/configure -v --with-pkgversion='Ubuntu 7.5.0-3ubuntu1~18.04' --with-bugurl=file:///usr/share/doc/gcc-7/README.Bugs --enable-languages=c,ada,c++,go,brig,d,fortran,objc,obj-c++ --prefix=/usr --with-gcc-major-version-only --program-suffix=-7 --program-prefix=x86_64-linux-gnu- --enable-shared --enable-linker-build-id --libexecdir=/usr/lib --without-included-gettext --enable-threads=posix --libdir=/usr/lib --enable-nls --enable-bootstrap --enable-clocale=gnu --enable-libstdcxx-debug --enable-libstdcxx-time=yes --with-default-libstdcxx-abi=new --enable-gnu-unique-object --disable-vtable-verify --enable-libmpx --enable-plugin --enable-default-pie --with-system-zlib --with-target-system-zlib --enable-objc-gc=auto --enable-multiarch --disable-werror --with-arch-32=i686 --with-abi=m64 --with-multilib-list=m32,m64,mx32 --enable-multilib --with-tune=generic --enable-offload-targets=nvptx-none --without-cuda-driver --enable-checking=release --build=x86_64-linux-gnu --host=x86_64-linux-gnu --target=x86_64-linux-gnu
Thread model: posix
gcc version 7.5.0 (Ubuntu 7.5.0-3ubuntu1~18.04) 
configure:16169: $? = 0
configure:16158: g++ -V >&5
g++: error: unrecognized command line option '-V'
g++: fatal error: no input files
compilation terminated.
configure:16169: $? = 1
configure:16158: g++ -qversion >&5
g++: error: unrecognized command line option '-qversion'; did you mean '--version'?
g++: fatal error: no input files
compilation terminated.
configure:16169: $? = 1
configure:16173: checking whether we are using the GNU C++ compiler
configure:16201: result: yes
configure:16210: checking whether g++ accepts -g
configure:16271: result: yes
configure:16296: checking dependency style of g++
configure:16407: result: gcc3
configure:16470: checking for gcc
configure:16497: result: gcc
configure:16726: checking for C compiler version
configure:16735: gcc --version >&5
gcc (Ubuntu 7.5.0-3ubuntu1~18.04) 7.5.0
Copyright (C) 2017 Free Software Foundation, Inc.
This is free software; see the source for copying conditions.  There is NO
warranty; not even for MERCHANTABILITY or FITNESS FOR A PARTICULAR PURPOSE.

configure:16746: $? = 0
configure:16735: gcc -v >&5
Using built-in specs.
COLLECT_GCC=gcc
COLLECT_LTO_WRAPPER=/usr/lib/gcc/x86_64-linux-gnu/7/lto-wrapper
OFFLOAD_TARGET_NAMES=nvptx-none
OFFLOAD_TARGET_DEFAULT=1
Target: x86_64-linux-gnu
Configured with: ../src/configure -v --with-pkgversion='Ubuntu 7.5.0-3ubuntu1~18.04' --with-bugurl=file:///usr/share/doc/gcc-7/README.Bugs --enable-languages=c,ada,c++,go,brig,d,fortran,objc,obj-c++ --prefix=/usr --with-gcc-major-version-only --program-suffix=-7 --program-prefix=x86_64-linux-gnu- --enable-shared --enable-linker-build-id --libexecdir=/usr/lib --without-included-gettext --enable-threads=posix --libdir=/usr/lib --enable-nls --enable-bootstrap --enable-clocale=gnu --enable-libstdcxx-debug --enable-libstdcxx-time=yes --with-default-libstdcxx-abi=new --enable-gnu-unique-object --disable-vtable-verify --enable-libmpx --enable-plugin --enable-default-pie --with-system-zlib --with-target-system-zlib --enable-objc-gc=auto --enable-multiarch --disable-werror --with-arch-32=i686 --with-abi=m64 --with-multilib-list=m32,m64,mx32 --enable-multilib --with-tune=generic --enable-offload-targets=nvptx-none --without-cuda-driver --enable-checking=release --build=x86_64-linux-gnu --host=x86_64-linux-gnu --target=x86_64-linux-gnu
Thread model: posix
gcc version 7.5.0 (Ubuntu 7.5.0-3ubuntu1~18.04) 
configure:16746: $? = 0
configure:16735: gcc -V >&5
gcc: error: unrecognized command line option '-V'
gcc: fatal error: no input files
compilation terminated.
configure:16746: $? = 1
configure:16735: gcc -qversion >&5
gcc: error: unrecognized command line option '-qversion'; did you mean '--version'?
gcc: fatal error: no input files
compilation terminated.
configure:16746: $? = 1
configure:16750: checking whether we are using the GNU C compiler
configure:16778: result: yes
configure:16787: checking whether gcc accepts -g
configure:16848: result: yes
configure:16865: checking for gcc option to accept ISO C89
configure:16941: result: none needed
configure:16966: checking whether gcc understands -c and -o together
configure:17003: result: yes
configure:17022: checking dependency style of gcc
configure:17133: result: gcc3
configure:17153: checking how to run the C preprocessor
configure:17223: result: gcc -E
configure:17243: gcc -E  conftest.c
configure:17243: $? = 0
configure:17257: gcc -E  conftest.c
conftest.c:23:10: fatal error: ac_nonexistent.h: No such file or directory
 #include <ac_nonexistent.h>
          ^~~~~~~~~~~~~~~~~~
compilation terminated.
configure:17257: $? = 1
configure: failed program was:
| /* confdefs.h */
| #define PACKAGE_NAME "librcsc"
| #define PACKAGE_TARNAME "librcsc"
| #define PACKAGE_VERSION "4.1.0"
| #define PACKAGE_STRING "librcsc 4.1.0"
| #define PACKAGE_BUGREPORT "akky@users.sourceforge.jp"
| #define PACKAGE_URL ""
| #define PACKAGE "librcsc"
| #define VERSION "4.1.0"
| #define STDC_HEADERS 1
| #define HAVE_SYS_TYPES_H 1
| #define HAVE_SYS_STAT_H 1
| #define HAVE_STDLIB_H 1
| #define HAVE_STRING_H 1
| #define HAVE_MEMORY_H 1
| #define HAVE_STRINGS_H 1
| #define HAVE_INTTYPES_H 1
| #define HAVE_STDINT_H 1
| #define HAVE_UNISTD_H 1
| #define HAVE_DLFCN_H 1
| #define LT_OBJDIR ".libs/"
| /* end confdefs.h.  */
| #include <ac_nonexistent.h>
configure:17286: checking whether ln -s works
configure:17290: result: yes
configure:17297: checking whether make sets $(MAKE)
configure:17319: result: yes
configure:17333: checking for cos in -lm
configure:17358: g++ -o conftest -g -O2   conftest.cpp -lm   >&5
conftest.cpp:30:6: warning: declaration of 'char cos()' conflicts with built-in declaration 'double cos(double)' [-Wbuiltin-declaration-mismatch]
 char cos ();
      ^~~
configure:17358: $? = 0
configure:17367: result: yes
configure:17376: checking for deflate in -lz
configure:17401: g++ -o conftest -g -O2   conftest.cpp -lz  -lm  >&5
configure:17401: $? = 0
configure:17410: result: yes
configure:17429: checking arpa/inet.h usability
configure:17429: g++ -c -g -O2  conftest.cpp >&5
configure:17429: $? = 0
configure:17429: result: yes
configure:17429: checking arpa/inet.h presence
configure:17429: g++ -E  conftest.cpp
configure:17429: $? = 0
configure:17429: result: yes
configure:17429: checking for arpa/inet.h
configure:17429: result: yes
configure:17441: checking fcntl.h usability
configure:17441: g++ -c -g -O2  conftest.cpp >&5
configure:17441: $? = 0
configure:17441: result: yes
configure:17441: checking fcntl.h presence
configure:17441: g++ -E  conftest.cpp
configure:17441: $? = 0
configure:17441: result: yes
configure:17441: checking for fcntl.h
configure:17441: result: yes
configure:17455: checking netinet/in.h usability
configure:17455: g++ -c -g -O2  conftest.cpp >&5
configure:17455: $? = 0
configure:17455: result: yes
configure:17455: checking netinet/in.h presence
configure:17455: g++ -E  conftest.cpp
configure:17455: $? = 0
configure:17455: result: yes
configure:17455: checking for netinet/in.h
configure:17455: result: yes
configure:17469: checking netdb.h usability
configure:17469: g++ -c -g -O2  conftest.cpp >&5
configure:17469: $? = 0
configure:17469: result: yes
configure:17469: checking netdb.h presence
configure:17469: g++ -E  conftest.cpp
configure:17469: $? = 0
configure:17469: result: yes
configure:17469: checking for netdb.h
configure:17469: result: yes
configure:17483: checking sys/socket.h usability
configure:17483: g++ -c -g -O2  conftest.cpp >&5
configure:17483: $? = 0
configure:17483: result: yes
configure:17483: checking sys/socket.h presence
configure:17483: g++ -E  conftest.cpp
configure:17483: $? = 0
configure:17483: result: yes
configure:17483: checking for sys/socket.h
configure:17483: result: yes
configure:17497: checking sys/time.h usability
configure:17497: g++ -c -g -O2  conftest.cpp >&5
configure:17497: $? = 0
configure:17497: result: yes
configure:17497: checking sys/time.h presence
configure:17497: g++ -E  conftest.cpp
configure:17497: $? = 0
configure:17497: result: yes
configure:17497: checking for sys/time.h
configure:17497: result: yes
configure:17511: checking for unistd.h
configure:17511: result: yes
configure:17528: checking for socklen_t
configure:17528: g++ -c -g -O2  conftest.cpp >&5
configure:17528: $? = 0
configure:17528: g++ -c -g -O2  conftest.cpp >&5
conftest.cpp: In function 'int main()':
conftest.cpp:40:23: error: expected primary-expression before ')' token
 if (sizeof ((socklen_t)))
                       ^
configure:17528: $? = 1
configure: failed program was:
| /* confdefs.h */
| #define PACKAGE_NAME "librcsc"
| #define PACKAGE_TARNAME "librcsc"
| #define PACKAGE_VERSION "4.1.0"
| #define PACKAGE_STRING "librcsc 4.1.0"
| #define PACKAGE_BUGREPORT "akky@users.sourceforge.jp"
| #define PACKAGE_URL ""
| #define PACKAGE "librcsc"
| #define VERSION "4.1.0"
| #define STDC_HEADERS 1
| #define HAVE_SYS_TYPES_H 1
| #define HAVE_SYS_STAT_H 1
| #define HAVE_STDLIB_H 1
| #define HAVE_STRING_H 1
| #define HAVE_MEMORY_H 1
| #define HAVE_STRINGS_H 1
| #define HAVE_INTTYPES_H 1
| #define HAVE_STDINT_H 1
| #define HAVE_UNISTD_H 1
| #define HAVE_DLFCN_H 1
| #define LT_OBJDIR ".libs/"
| #define HAVE_LIBZ 1
| #define HAVE_ARPA_INET_H 1
| #define HAVE_FCNTL_H 1
| #define HAVE_NETINET_IN_H 1
| #define HAVE_NETDB_H 1
| #define HAVE_SYS_SOCKET_H 1
| #define HAVE_SYS_TIME_H 1
| #define HAVE_UNISTD_H 1
| /* end confdefs.h.  */
| 
| #if HAVE_SYS_TYPES_H
| # include <sys/types.h>
| #endif
| #include <sys/socket.h>
| 
| int
| main ()
| {
| if (sizeof ((socklen_t)))
| 	    return 0;
|   ;
|   return 0;
| }
configure:17528: result: yes
configure:17552: checking for stdbool.h that conforms to C99
configure:17619: g++ -c -g -O2  conftest.cpp >&5
conftest.cpp:35:15: error: expected unqualified-id before string constant
               "error: bool is not defined"
               ^~~~~~~~~~~~~~~~~~~~~~~~~~~~
conftest.cpp:53:48: error: 's' does not name a type
              struct s { _Bool s: 1; _Bool t; } s;
                                                ^
conftest.cpp:63:28: error: 's' was not declared in this scope
              char i[sizeof s.t];
                            ^
conftest.cpp: In function 'int main()':
conftest.cpp:81:24: error: 's' was not declared in this scope
              bool e = &s;
                        ^
conftest.cpp:85:63: error: 'i' was not declared in this scope
              return (!a + !b + !c + !d + !e + !f + !g + !h + !i + !!j + !k + !!l
                                                               ^
configure:17619: $? = 1
configure: failed program was:
| /* confdefs.h */
| #define PACKAGE_NAME "librcsc"
| #define PACKAGE_TARNAME "librcsc"
| #define PACKAGE_VERSION "4.1.0"
| #define PACKAGE_STRING "librcsc 4.1.0"
| #define PACKAGE_BUGREPORT "akky@users.sourceforge.jp"
| #define PACKAGE_URL ""
| #define PACKAGE "librcsc"
| #define VERSION "4.1.0"
| #define STDC_HEADERS 1
| #define HAVE_SYS_TYPES_H 1
| #define HAVE_SYS_STAT_H 1
| #define HAVE_STDLIB_H 1
| #define HAVE_STRING_H 1
| #define HAVE_MEMORY_H 1
| #define HAVE_STRINGS_H 1
| #define HAVE_INTTYPES_H 1
| #define HAVE_STDINT_H 1
| #define HAVE_UNISTD_H 1
| #define HAVE_DLFCN_H 1
| #define LT_OBJDIR ".libs/"
| #define HAVE_LIBZ 1
| #define HAVE_ARPA_INET_H 1
| #define HAVE_FCNTL_H 1
| #define HAVE_NETINET_IN_H 1
| #define HAVE_NETDB_H 1
| #define HAVE_SYS_SOCKET_H 1
| #define HAVE_SYS_TIME_H 1
| #define HAVE_UNISTD_H 1
| #define HAVE_SOCKLEN_T 1
| /* end confdefs.h.  */
| 
|              #include <stdbool.h>
|              #ifndef bool
|               "error: bool is not defined"
|              #endif
|              #ifndef false
|               "error: false is not defined"
|              #endif
|              #if false
|               "error: false is not 0"
|              #endif
|              #ifndef true
|               "error: true is not defined"
|              #endif
|              #if true != 1
|               "error: true is not 1"
|              #endif
|              #ifndef __bool_true_false_are_defined
|               "error: __bool_true_false_are_defined is not defined"
|              #endif
| 
|              struct s { _Bool s: 1; _Bool t; } s;
| 
|              char a[true == 1 ? 1 : -1];
|              char b[false == 0 ? 1 : -1];
|              char c[__bool_true_false_are_defined == 1 ? 1 : -1];
|              char d[(bool) 0.5 == true ? 1 : -1];
|              /* See body of main program for 'e'.  */
|              char f[(_Bool) 0.0 == false ? 1 : -1];
|              char g[true];
|              char h[sizeof (_Bool)];
|              char i[sizeof s.t];
|              enum { j = false, k = true, l = false * true, m = true * 256 };
|              /* The following fails for
|                 HP aC++/ANSI C B3910B A.05.55 [Dec 04 2003]. */
|              _Bool n[m];
|              char o[sizeof n == m * sizeof n[0] ? 1 : -1];
|              char p[-1 - (_Bool) 0 < 0 && -1 - (bool) 0 < 0 ? 1 : -1];
|              /* Catch a bug in an HP-UX C compiler.  See
|                 http://gcc.gnu.org/ml/gcc-patches/2003-12/msg02303.html
|                 http://lists.gnu.org/archive/html/bug-coreutils/2005-11/msg00161.html
|               */
|              _Bool q = true;
|              _Bool *pq = &q;
| 
| int
| main ()
| {
| 
|              bool e = &s;
|              *pq |= q;
|              *pq |= ! q;
|              /* Refer to every declared value, to avoid compiler optimizations.  */
|              return (!a + !b + !c + !d + !e + !f + !g + !h + !i + !!j + !k + !!l
|                      + !m + !n + !o + !p + !q + !pq);
| 
|   ;
|   return 0;
| }
configure:17626: result: no
configure:17628: checking for _Bool
configure:17628: g++ -c -g -O2  conftest.cpp >&5
conftest.cpp: In function 'int main()':
conftest.cpp:68:13: error: '_Bool' was not declared in this scope
 if (sizeof (_Bool))
             ^~~~~
conftest.cpp:68:13: note: suggested alternative: 'bool'
 if (sizeof (_Bool))
             ^~~~~
             bool
configure:17628: $? = 1
configure: failed program was:
| /* confdefs.h */
| #define PACKAGE_NAME "librcsc"
| #define PACKAGE_TARNAME "librcsc"
| #define PACKAGE_VERSION "4.1.0"
| #define PACKAGE_STRING "librcsc 4.1.0"
| #define PACKAGE_BUGREPORT "akky@users.sourceforge.jp"
| #define PACKAGE_URL ""
| #define PACKAGE "librcsc"
| #define VERSION "4.1.0"
| #define STDC_HEADERS 1
| #define HAVE_SYS_TYPES_H 1
| #define HAVE_SYS_STAT_H 1
| #define HAVE_STDLIB_H 1
| #define HAVE_STRING_H 1
| #define HAVE_MEMORY_H 1
| #define HAVE_STRINGS_H 1
| #define HAVE_INTTYPES_H 1
| #define HAVE_STDINT_H 1
| #define HAVE_UNISTD_H 1
| #define HAVE_DLFCN_H 1
| #define LT_OBJDIR ".libs/"
| #define HAVE_LIBZ 1
| #define HAVE_ARPA_INET_H 1
| #define HAVE_FCNTL_H 1
| #define HAVE_NETINET_IN_H 1
| #define HAVE_NETDB_H 1
| #define HAVE_SYS_SOCKET_H 1
| #define HAVE_SYS_TIME_H 1
| #define HAVE_UNISTD_H 1
| #define HAVE_SOCKLEN_T 1
| /* end confdefs.h.  */
| #include <stdio.h>
| #ifdef HAVE_SYS_TYPES_H
| # include <sys/types.h>
| #endif
| #ifdef HAVE_SYS_STAT_H
| # include <sys/stat.h>
| #endif
| #ifdef STDC_HEADERS
| # include <stdlib.h>
| # include <stddef.h>
| #else
| # ifdef HAVE_STDLIB_H
| #  include <stdlib.h>
| # endif
| #endif
| #ifdef HAVE_STRING_H
| # if !defined STDC_HEADERS && defined HAVE_MEMORY_H
| #  include <memory.h>
| # endif
| # include <string.h>
| #endif
| #ifdef HAVE_STRINGS_H
| # include <strings.h>
| #endif
| #ifdef HAVE_INTTYPES_H
| # include <inttypes.h>
| #endif
| #ifdef HAVE_STDINT_H
| # include <stdint.h>
| #endif
| #ifdef HAVE_UNISTD_H
| # include <unistd.h>
| #endif
| int
| main ()
| {
| if (sizeof (_Bool))
| 	 return 0;
|   ;
|   return 0;
| }
configure:17628: result: no
configure:17645: checking for an ANSI C-conforming const
configure:17711: g++ -c -g -O2  conftest.cpp >&5
configure:17711: $? = 0
configure:17718: result: yes
configure:17726: checking for inline
configure:17742: g++ -c -g -O2  conftest.cpp >&5
configure:17742: $? = 0
configure:17750: result: inline
configure:17772: checking for size_t
configure:17772: g++ -c -g -O2  conftest.cpp >&5
configure:17772: $? = 0
configure:17772: g++ -c -g -O2  conftest.cpp >&5
conftest.cpp: In function 'int main()':
conftest.cpp:68:20: error: expected primary-expression before ')' token
 if (sizeof ((size_t)))
                    ^
configure:17772: $? = 1
configure: failed program was:
| /* confdefs.h */
| #define PACKAGE_NAME "librcsc"
| #define PACKAGE_TARNAME "librcsc"
| #define PACKAGE_VERSION "4.1.0"
| #define PACKAGE_STRING "librcsc 4.1.0"
| #define PACKAGE_BUGREPORT "akky@users.sourceforge.jp"
| #define PACKAGE_URL ""
| #define PACKAGE "librcsc"
| #define VERSION "4.1.0"
| #define STDC_HEADERS 1
| #define HAVE_SYS_TYPES_H 1
| #define HAVE_SYS_STAT_H 1
| #define HAVE_STDLIB_H 1
| #define HAVE_STRING_H 1
| #define HAVE_MEMORY_H 1
| #define HAVE_STRINGS_H 1
| #define HAVE_INTTYPES_H 1
| #define HAVE_STDINT_H 1
| #define HAVE_UNISTD_H 1
| #define HAVE_DLFCN_H 1
| #define LT_OBJDIR ".libs/"
| #define HAVE_LIBZ 1
| #define HAVE_ARPA_INET_H 1
| #define HAVE_FCNTL_H 1
| #define HAVE_NETINET_IN_H 1
| #define HAVE_NETDB_H 1
| #define HAVE_SYS_SOCKET_H 1
| #define HAVE_SYS_TIME_H 1
| #define HAVE_UNISTD_H 1
| #define HAVE_SOCKLEN_T 1
| /* end confdefs.h.  */
| #include <stdio.h>
| #ifdef HAVE_SYS_TYPES_H
| # include <sys/types.h>
| #endif
| #ifdef HAVE_SYS_STAT_H
| # include <sys/stat.h>
| #endif
| #ifdef STDC_HEADERS
| # include <stdlib.h>
| # include <stddef.h>
| #else
| # ifdef HAVE_STDLIB_H
| #  include <stdlib.h>
| # endif
| #endif
| #ifdef HAVE_STRING_H
| # if !defined STDC_HEADERS && defined HAVE_MEMORY_H
| #  include <memory.h>
| # endif
| # include <string.h>
| #endif
| #ifdef HAVE_STRINGS_H
| # include <strings.h>
| #endif
| #ifdef HAVE_INTTYPES_H
| # include <inttypes.h>
| #endif
| #ifdef HAVE_STDINT_H
| # include <stdint.h>
| #endif
| #ifdef HAVE_UNISTD_H
| # include <unistd.h>
| #endif
| int
| main ()
| {
| if (sizeof ((size_t)))
| 	    return 0;
|   ;
|   return 0;
| }
configure:17772: result: yes
configure:17783: checking whether time.h and sys/time.h may both be included
configure:17803: g++ -c -g -O2  conftest.cpp >&5
configure:17803: $? = 0
configure:17810: result: yes
configure:17822: checking for ANSI C header files
configure:17926: result: yes
configure:17936: checking for stdlib.h
configure:17936: result: yes
configure:17946: checking for GNU libc compatible malloc
configure:17970: g++ -o conftest -g -O2   conftest.cpp -lz -lm  >&5
configure:17970: $? = 0
configure:17970: ./conftest
configure:17970: $? = 0
configure:17980: result: yes
configure:18003: checking for stdlib.h
configure:18003: result: yes
configure:18013: checking for GNU libc compatible realloc
configure:18037: g++ -o conftest -g -O2   conftest.cpp -lz -lm  >&5
configure:18037: $? = 0
configure:18037: ./conftest
configure:18037: $? = 0
configure:18047: result: yes
configure:18071: checking sys/select.h usability
configure:18071: g++ -c -g -O2  conftest.cpp >&5
configure:18071: $? = 0
configure:18071: result: yes
configure:18071: checking sys/select.h presence
configure:18071: g++ -E  conftest.cpp
configure:18071: $? = 0
configure:18071: result: yes
configure:18071: checking for sys/select.h
configure:18071: result: yes
configure:18071: checking for sys/socket.h
configure:18071: result: yes
configure:18081: checking types of arguments for select
configure:18109: g++ -c -g -O2  conftest.cpp >&5
configure:18109: $? = 0
configure:18120: result: int,fd_set *,struct timeval *
configure:18143: checking for working strtod
configure:18184: g++ -o conftest -g -O2   conftest.cpp -lz -lm  >&5
conftest.cpp: In function 'int main()':
conftest.cpp:85:20: warning: ISO C++ forbids converting a string constant to 'char*' [-Wwrite-strings]
     char *string = " +69";
                    ^~~~~~
conftest.cpp:96:20: warning: ISO C++ forbids converting a string constant to 'char*' [-Wwrite-strings]
     char *string = "NaN";
                    ^~~~~
configure:18184: $? = 0
configure:18184: ./conftest
configure:18184: $? = 0
configure:18194: result: yes
configure:18258: checking for vprintf
configure:18258: g++ -o conftest -g -O2   conftest.cpp -lz -lm  >&5
conftest.cpp:66:6: warning: declaration of 'char vprintf()' conflicts with built-in declaration 'int vprintf(const char*, __va_list_tag*)' [-Wbuiltin-declaration-mismatch]
 char vprintf ();
      ^~~~~~~
configure:18258: $? = 0
configure:18258: result: yes
configure:18264: checking for _doprnt
configure:18264: g++ -o conftest -g -O2   conftest.cpp -lz -lm  >&5
/tmp/cco7lhAj.o: In function `main':
/home/cristiano/simulation-2d-librcsc/conftest.cpp:78: undefined reference to `_doprnt'
collect2: error: ld returned 1 exit status
configure:18264: $? = 1
configure: failed program was:
| /* confdefs.h */
| #define PACKAGE_NAME "librcsc"
| #define PACKAGE_TARNAME "librcsc"
| #define PACKAGE_VERSION "4.1.0"
| #define PACKAGE_STRING "librcsc 4.1.0"
| #define PACKAGE_BUGREPORT "akky@users.sourceforge.jp"
| #define PACKAGE_URL ""
| #define PACKAGE "librcsc"
| #define VERSION "4.1.0"
| #define STDC_HEADERS 1
| #define HAVE_SYS_TYPES_H 1
| #define HAVE_SYS_STAT_H 1
| #define HAVE_STDLIB_H 1
| #define HAVE_STRING_H 1
| #define HAVE_MEMORY_H 1
| #define HAVE_STRINGS_H 1
| #define HAVE_INTTYPES_H 1
| #define HAVE_STDINT_H 1
| #define HAVE_UNISTD_H 1
| #define HAVE_DLFCN_H 1
| #define LT_OBJDIR ".libs/"
| #define HAVE_LIBZ 1
| #define HAVE_ARPA_INET_H 1
| #define HAVE_FCNTL_H 1
| #define HAVE_NETINET_IN_H 1
| #define HAVE_NETDB_H 1
| #define HAVE_SYS_SOCKET_H 1
| #define HAVE_SYS_TIME_H 1
| #define HAVE_UNISTD_H 1
| #define HAVE_SOCKLEN_T 1
| #define TIME_WITH_SYS_TIME 1
| #define STDC_HEADERS 1
| #define HAVE_STDLIB_H 1
| #define HAVE_MALLOC 1
| #define HAVE_STDLIB_H 1
| #define HAVE_REALLOC 1
| #define HAVE_SYS_SELECT_H 1
| #define HAVE_SYS_SOCKET_H 1
| #define SELECT_TYPE_ARG1 int
| #define SELECT_TYPE_ARG234 (fd_set *)
| #define SELECT_TYPE_ARG5 (struct timeval *)
| #define HAVE_VPRINTF 1
| /* end confdefs.h.  */
| /* Define _doprnt to an innocuous variant, in case <limits.h> declares _doprnt.
|    For example, HP-UX 11i <limits.h> declares gettimeofday.  */
| #define _doprnt innocuous__doprnt
| 
| /* System header to define __stub macros and hopefully few prototypes,
|     which can conflict with char _doprnt (); below.
|     Prefer <limits.h> to <assert.h> if __STDC__ is defined, since
|     <limits.h> exists even on freestanding compilers.  */
| 
| #ifdef __STDC__
| # include <limits.h>
| #else
| # include <assert.h>
| #endif
| 
| #undef _doprnt
| 
| /* Override any GCC internal prototype to avoid an error.
|    Use char because int might match the return type of a GCC
|    builtin and then its argument prototype would still apply.  */
| #ifdef __cplusplus
| extern "C"
| #endif
| char _doprnt ();
| /* The GNU C library defines this for functions which it implements
|     to always fail with ENOSYS.  Some functions are actually named
|     something starting with __ and the normal name is an alias.  */
| #if defined __stub__doprnt || defined __stub____doprnt
| choke me
| #endif
| 
| int
| main ()
| {
| return _doprnt ();
|   ;
|   return 0;
| }
configure:18264: result: no
configure:18278: checking for floor
configure:18278: g++ -o conftest -g -O2   conftest.cpp -lz -lm  >&5
conftest.cpp:67:6: warning: declaration of 'char floor()' conflicts with built-in declaration 'double floor(double)' [-Wbuiltin-declaration-mismatch]
 char floor ();
      ^~~~~
configure:18278: $? = 0
configure:18278: result: yes
configure:18278: checking for inet_addr
configure:18278: g++ -o conftest -g -O2   conftest.cpp -lz -lm  >&5
configure:18278: $? = 0
configure:18278: result: yes
configure:18278: checking for getaddrinfo
configure:18278: g++ -o conftest -g -O2   conftest.cpp -lz -lm  >&5
configure:18278: $? = 0
configure:18278: result: yes
configure:18278: checking for gethostbyname
configure:18278: g++ -o conftest -g -O2   conftest.cpp -lz -lm  >&5
configure:18278: $? = 0
configure:18278: result: yes
configure:18278: checking for gettimeofday
configure:18278: g++ -o conftest -g -O2   conftest.cpp -lz -lm  >&5
configure:18278: $? = 0
configure:18278: result: yes
configure:18290: checking for memset
configure:18290: g++ -o conftest -g -O2   conftest.cpp -lz -lm  >&5
conftest.cpp:72:6: warning: declaration of 'char memset()' conflicts with built-in declaration 'void* memset(void*, int, long unsigned int)' [-Wbuiltin-declaration-mismatch]
 char memset ();
      ^~~~~~
configure:18290: $? = 0
configure:18290: result: yes
configure:18290: checking for pow
configure:18290: g++ -o conftest -g -O2   conftest.cpp -lz -lm  >&5
conftest.cpp:73:6: warning: declaration of 'char pow()' conflicts with built-in declaration 'double pow(double, double)' [-Wbuiltin-declaration-mismatch]
 char pow ();
      ^~~
configure:18290: $? = 0
configure:18290: result: yes
configure:18290: checking for rint
configure:18290: g++ -o conftest -g -O2   conftest.cpp -lz -lm  >&5
conftest.cpp:74:6: warning: declaration of 'char rint()' conflicts with built-in declaration 'double rint(double)' [-Wbuiltin-declaration-mismatch]
 char rint ();
      ^~~~
configure:18290: $? = 0
configure:18290: result: yes
configure:18290: checking for select
configure:18290: g++ -o conftest -g -O2   conftest.cpp -lz -lm  >&5
configure:18290: $? = 0
configure:18290: result: yes
configure:18290: checking for socket
configure:18290: g++ -o conftest -g -O2   conftest.cpp -lz -lm  >&5
configure:18290: $? = 0
configure:18290: result: yes
configure:18290: checking for sqrt
configure:18290: g++ -o conftest -g -O2   conftest.cpp -lz -lm  >&5
conftest.cpp:77:6: warning: declaration of 'char sqrt()' conflicts with built-in declaration 'double sqrt(double)' [-Wbuiltin-declaration-mismatch]
 char sqrt ();
      ^~~~
configure:18290: $? = 0
configure:18290: result: yes
configure:18290: checking for strerror
configure:18290: g++ -o conftest -g -O2   conftest.cpp -lz -lm  >&5
configure:18290: $? = 0
configure:18290: result: yes
configure:18290: checking for strtol
configure:18290: g++ -o conftest -g -O2   conftest.cpp -lz -lm  >&5
configure:18290: $? = 0
configure:18290: result: yes
configure:18352: checking for boostlib >= 1.32.0
configure:18412: g++ -c -g -O2  -I/usr/include conftest.cpp >&5
configure:18412: $? = 0
configure:18414: result: yes
configure:18791: checking for doxygen
configure:18826: result: no
configure:18833: checking for dot
configure:18861: result: NO
configure:18986: checking that generated files are newer than configure
configure:18992: result: done
configure:19043: creating ./config.status

## ---------------------- ##
## Running config.status. ##
## ---------------------- ##

This file was extended by librcsc config.status 4.1.0, which was
generated by GNU Autoconf 2.69.  Invocation command line was

  CONFIG_FILES    = 
  CONFIG_HEADERS  = 
  CONFIG_LINKS    = 
  CONFIG_COMMANDS = 
  $ ./config.status 

on cristiano

config.status:1219: creating Doxyfile
config.status:1219: creating librcsc.pc
config.status:1219: creating librcsc.spec
config.status:1219: creating librcsc-config
config.status:1219: creating librcscenv
config.status:1219: creating Makefile
config.status:1219: creating rcsc/Makefile
config.status:1219: creating rcsc/ann/Makefile
config.status:1219: creating rcsc/geom/Makefile
config.status:1219: creating rcsc/geom/triangle/Makefile
config.status:1219: creating rcsc/gz/Makefile
config.status:1219: creating rcsc/monitor/Makefile
config.status:1219: creating rcsc/net/Makefile
config.status:1219: creating rcsc/param/Makefile
config.status:1219: creating rcsc/rcg/Makefile
config.status:1219: creating rcsc/time/Makefile
config.status:1219: creating rcsc/util/Makefile
config.status:1219: creating rcsc/common/Makefile
config.status:1219: creating rcsc/player/Makefile
config.status:1219: creating rcsc/action/Makefile
config.status:1219: creating rcsc/formation/Makefile
config.status:1219: creating rcsc/coach/Makefile
config.status:1219: creating rcsc/trainer/Makefile
config.status:1219: creating example/Makefile
config.status:1219: creating src/Makefile
config.status:1219: creating config.h
config.status:1400: config.h is unchanged
config.status:1448: executing depfiles commands
config.status:1448: executing libtool commands

## ---------------- ##
## Cache variables. ##
## ---------------- ##

ac_cv_build=x86_64-pc-linux-gnu
ac_cv_c_compiler_gnu=yes
ac_cv_c_const=yes
ac_cv_c_inline=inline
ac_cv_cxx_compiler_gnu=yes
ac_cv_env_CCC_set=
ac_cv_env_CCC_value=
ac_cv_env_CC_set=
ac_cv_env_CC_value=
ac_cv_env_CFLAGS_set=
ac_cv_env_CFLAGS_value=
ac_cv_env_CPPFLAGS_set=
ac_cv_env_CPPFLAGS_value=
ac_cv_env_CPP_set=
ac_cv_env_CPP_value=
ac_cv_env_CXXCPP_set=
ac_cv_env_CXXCPP_value=
ac_cv_env_CXXFLAGS_set=
ac_cv_env_CXXFLAGS_value=
ac_cv_env_CXX_set=
ac_cv_env_CXX_value=
ac_cv_env_LDFLAGS_set=
ac_cv_env_LDFLAGS_value=
ac_cv_env_LIBS_set=
ac_cv_env_LIBS_value=
ac_cv_env_LT_SYS_LIBRARY_PATH_set=
ac_cv_env_LT_SYS_LIBRARY_PATH_value=
ac_cv_env_build_alias_set=
ac_cv_env_build_alias_value=
ac_cv_env_host_alias_set=
ac_cv_env_host_alias_value=
ac_cv_env_target_alias_set=
ac_cv_env_target_alias_value=
ac_cv_func__doprnt=no
ac_cv_func_floor=yes
ac_cv_func_getaddrinfo=yes
ac_cv_func_gethostbyname=yes
ac_cv_func_gettimeofday=yes
ac_cv_func_inet_addr=yes
ac_cv_func_malloc_0_nonnull=yes
ac_cv_func_memset=yes
ac_cv_func_pow=yes
ac_cv_func_realloc_0_nonnull=yes
ac_cv_func_rint=yes
ac_cv_func_select=yes
ac_cv_func_select_args='int,fd_set *,struct timeval *'
ac_cv_func_socket=yes
ac_cv_func_sqrt=yes
ac_cv_func_strerror=yes
ac_cv_func_strtod=yes
ac_cv_func_strtol=yes
ac_cv_func_vprintf=yes
ac_cv_header_arpa_inet_h=yes
ac_cv_header_dlfcn_h=yes
ac_cv_header_fcntl_h=yes
ac_cv_header_inttypes_h=yes
ac_cv_header_memory_h=yes
ac_cv_header_netdb_h=yes
ac_cv_header_netinet_in_h=yes
ac_cv_header_stdbool_h=no
ac_cv_header_stdc=yes
ac_cv_header_stdint_h=yes
ac_cv_header_stdlib_h=yes
ac_cv_header_string_h=yes
ac_cv_header_strings_h=yes
ac_cv_header_sys_select_h=yes
ac_cv_header_sys_socket_h=yes
ac_cv_header_sys_stat_h=yes
ac_cv_header_sys_time_h=yes
ac_cv_header_sys_types_h=yes
ac_cv_header_time=yes
ac_cv_header_unistd_h=yes
ac_cv_host=x86_64-pc-linux-gnu
ac_cv_lib_m_cos=yes
ac_cv_lib_z_deflate=yes
ac_cv_objext=o
ac_cv_path_EGREP='/bin/grep -E'
ac_cv_path_FGREP='/bin/grep -F'
ac_cv_path_GREP=/bin/grep
ac_cv_path_SED=/bin/sed
ac_cv_path_install='/usr/bin/install -c'
ac_cv_path_lt_DD=/bin/dd
ac_cv_path_mkdir=/bin/mkdir
ac_cv_prog_AWK=mawk
ac_cv_prog_CPP='gcc -E'
ac_cv_prog_CXXCPP='g++ -E'
ac_cv_prog_HAVE_DOT=NO
ac_cv_prog_ac_ct_AR=ar
ac_cv_prog_ac_ct_CC=gcc
ac_cv_prog_ac_ct_CXX=g++
ac_cv_prog_ac_ct_MANIFEST_TOOL=mt
ac_cv_prog_ac_ct_OBJDUMP=objdump
ac_cv_prog_ac_ct_RANLIB=ranlib
ac_cv_prog_ac_ct_STRIP=strip
ac_cv_prog_cc_c89=
ac_cv_prog_cc_g=yes
ac_cv_prog_cxx_g=yes
ac_cv_prog_make_make_set=yes
ac_cv_type__Bool=no
ac_cv_type_size_t=yes
ac_cv_type_socklen_t=yes
am_cv_CC_dependencies_compiler_type=gcc3
am_cv_CXX_dependencies_compiler_type=gcc3
am_cv_make_support_nested_variables=yes
am_cv_prog_cc_c_o=yes
lt_cv_ar_at_file=@
lt_cv_archive_cmds_need_lc=no
lt_cv_deplibs_check_method=pass_all
lt_cv_file_magic_cmd='$MAGIC_CMD'
lt_cv_file_magic_test_file=
lt_cv_ld_reload_flag=-r
lt_cv_nm_interface='BSD nm'
lt_cv_objdir=.libs
lt_cv_path_LD=/usr/bin/ld
lt_cv_path_LDCXX='/usr/bin/ld -m elf_x86_64'
lt_cv_path_NM='/usr/bin/nm -B'
lt_cv_path_mainfest_tool=no
lt_cv_prog_compiler_c_o=yes
lt_cv_prog_compiler_c_o_CXX=yes
lt_cv_prog_compiler_pic='-fPIC -DPIC'
lt_cv_prog_compiler_pic_CXX='-fPIC -DPIC'
lt_cv_prog_compiler_pic_works=yes
lt_cv_prog_compiler_pic_works_CXX=yes
lt_cv_prog_compiler_rtti_exceptions=no
lt_cv_prog_compiler_static_works=yes
lt_cv_prog_compiler_static_works_CXX=yes
lt_cv_prog_gnu_ld=yes
lt_cv_prog_gnu_ldcxx=yes
lt_cv_sharedlib_from_linklib_cmd='printf %s\n'
lt_cv_shlibpath_overrides_runpath=yes
lt_cv_sys_global_symbol_pipe='sed -n -e '\''s/^.*[	 ]\([ABCDGIRSTW][ABCDGIRSTW]*\)[	 ][	 ]*\([_A-Za-z][_A-Za-z0-9]*\)$/\1 \2 \2/p'\'' | sed '\''/ __gnu_lto/d'\'''
lt_cv_sys_global_symbol_to_c_name_address='sed -n -e '\''s/^: \(.*\) .*$/  {"\1", (void *) 0},/p'\'' -e '\''s/^[ABCDGIRSTW][ABCDGIRSTW]* .* \(.*\)$/  {"\1", (void *) \&\1},/p'\'''
lt_cv_sys_global_symbol_to_c_name_address_lib_prefix='sed -n -e '\''s/^: \(.*\) .*$/  {"\1", (void *) 0},/p'\'' -e '\''s/^[ABCDGIRSTW][ABCDGIRSTW]* .* \(lib.*\)$/  {"\1", (void *) \&\1},/p'\'' -e '\''s/^[ABCDGIRSTW][ABCDGIRSTW]* .* \(.*\)$/  {"lib\1", (void *) \&\1},/p'\'''
lt_cv_sys_global_symbol_to_cdecl='sed -n -e '\''s/^T .* \(.*\)$/extern int \1();/p'\'' -e '\''s/^[ABCDGIRSTW][ABCDGIRSTW]* .* \(.*\)$/extern char \1;/p'\'''
lt_cv_sys_global_symbol_to_import=
lt_cv_sys_max_cmd_len=1572864
lt_cv_to_host_file_cmd=func_convert_file_noop
lt_cv_to_tool_file_cmd=func_convert_file_noop
lt_cv_truncate_bin='/bin/dd bs=4096 count=1'

## ----------------- ##
## Output variables. ##
## ----------------- ##

ACLOCAL='${SHELL} /home/cristiano/simulation-2d-librcsc/config/missing aclocal-1.15'
AMDEPBACKSLASH='\'
AMDEP_FALSE='#'
AMDEP_TRUE=''
AMTAR='$${TAR-tar}'
AM_BACKSLASH='\'
AM_DEFAULT_V='$(AM_DEFAULT_VERBOSITY)'
AM_DEFAULT_VERBOSITY='1'
AM_V='$(V)'
AR='ar'
AUTOCONF='${SHELL} /home/cristiano/simulation-2d-librcsc/config/missing autoconf'
AUTOHEADER='${SHELL} /home/cristiano/simulation-2d-librcsc/config/missing autoheader'
AUTOMAKE='${SHELL} /home/cristiano/simulation-2d-librcsc/config/missing automake-1.15'
AWK='mawk'
BOOST_CPPFLAGS='-I/usr/include'
BOOST_LDFLAGS='-L/usr/lib64'
BUILD_EXAMPLE_FALSE=''
BUILD_EXAMPLE_TRUE='#'
CC='gcc'
CCDEPMODE='depmode=gcc3'
CFLAGS='-g -O2'
CPP='gcc -E'
CPPFLAGS=' -I/usr/include'
CPPUNIT_CFLAGS=''
CPPUNIT_CONFIG=''
CPPUNIT_LIBS=''
CXX='g++'
CXXCPP='g++ -E'
CXXDEPMODE='depmode=gcc3'
CXXFLAGS='-g -O2'
CYGPATH_W='echo'
DEFS='-DHAVE_CONFIG_H'
DEPDIR='.deps'
DLLTOOL='false'
DOXYGEN=''
DSYMUTIL=''
DUMPBIN=''
ECHO_C=''
ECHO_N='-n'
ECHO_T=''
EGREP='/bin/grep -E'
EXEEXT=''
FGREP='/bin/grep -F'
GREP='/bin/grep'
HAVE_DOT='NO'
INSTALL_DATA='${INSTALL} -m 644'
INSTALL_PROGRAM='${INSTALL}'
INSTALL_SCRIPT='${INSTALL}'
INSTALL_STRIP_PROGRAM='$(install_sh) -c -s'
LD='/usr/bin/ld -m elf_x86_64'
LDFLAGS=' -L/usr/lib64'
LIBOBJS=''
LIBS='-lz -lm '
LIBTOOL='$(SHELL) $(top_builddir)/libtool'
LIBTOOL_DEPS='config/ltmain.sh'
LIPO=''
LN_S='ln -s'
LTLIBOBJS=''
LT_SYS_LIBRARY_PATH=''
MAKEINFO='${SHELL} /home/cristiano/simulation-2d-librcsc/config/missing makeinfo'
MANIFEST_TOOL=':'
MKDIR_P='/bin/mkdir -p'
NM='/usr/bin/nm -B'
NMEDIT=''
OBJDUMP='objdump'
OBJEXT='o'
OTOOL64=''
OTOOL=''
PACKAGE='librcsc'
PACKAGE_BUGREPORT='akky@users.sourceforge.jp'
PACKAGE_NAME='librcsc'
PACKAGE_STRING='librcsc 4.1.0'
PACKAGE_TARNAME='librcsc'
PACKAGE_URL=''
PACKAGE_VERSION='4.1.0'
PATH_SEPARATOR=':'
POW_LIB=''
RANLIB='ranlib'
SED='/bin/sed'
SET_MAKE=''
SHELL='/bin/bash'
STRIP='strip'
UNIT_TEST_FALSE=''
UNIT_TEST_TRUE='#'
VERSION='4.1.0'
ac_ct_AR='ar'
ac_ct_CC='gcc'
ac_ct_CXX='g++'
ac_ct_DUMPBIN=''
am__EXEEXT_FALSE=''
am__EXEEXT_TRUE='#'
am__fastdepCC_FALSE='#'
am__fastdepCC_TRUE=''
am__fastdepCXX_FALSE='#'
am__fastdepCXX_TRUE=''
am__include='include'
am__isrc=''
am__leading_dot='.'
am__nodep='_no'
am__quote=''
am__tar='$${TAR-tar} chof - "$$tardir"'
am__untar='$${TAR-tar} xf -'
bindir='${exec_prefix}/bin'
build='x86_64-pc-linux-gnu'
build_alias=''
build_cpu='x86_64'
build_os='linux-gnu'
build_vendor='pc'
datadir='${datarootdir}'
datarootdir='${prefix}/share'
docdir='${datarootdir}/doc/${PACKAGE_TARNAME}'
dvidir='${docdir}'
exec_prefix='${prefix}'
host='x86_64-pc-linux-gnu'
host_alias=''
host_cpu='x86_64'
host_os='linux-gnu'
host_vendor='pc'
htmldir='${docdir}'
includedir='${prefix}/include'
infodir='${datarootdir}/info'
install_sh='${SHELL} /home/cristiano/simulation-2d-librcsc/config/install-sh'
libdir='${exec_prefix}/lib'
libexecdir='${exec_prefix}/libexec'
localedir='${datarootdir}/locale'
localstatedir='${prefix}/var'
mandir='${datarootdir}/man'
mkdir_p='$(MKDIR_P)'
oldincludedir='/usr/include'
pdfdir='${docdir}'
prefix='/usr/local'
program_transform_name='s,x,x,'
psdir='${docdir}'
runstatedir='${localstatedir}/run'
sbindir='${exec_prefix}/sbin'
sharedstatedir='${prefix}/com'
sysconfdir='${prefix}/etc'
target_alias=''

## ----------- ##
## confdefs.h. ##
## ----------- ##

/* confdefs.h */
#define PACKAGE_NAME "librcsc"
#define PACKAGE_TARNAME "librcsc"
#define PACKAGE_VERSION "4.1.0"
#define PACKAGE_STRING "librcsc 4.1.0"
#define PACKAGE_BUGREPORT "akky@users.sourceforge.jp"
#define PACKAGE_URL ""
#define PACKAGE "librcsc"
#define VERSION "4.1.0"
#define STDC_HEADERS 1
#define HAVE_SYS_TYPES_H 1
#define HAVE_SYS_STAT_H 1
#define HAVE_STDLIB_H 1
#define HAVE_STRING_H 1
#define HAVE_MEMORY_H 1
#define HAVE_STRINGS_H 1
#define HAVE_INTTYPES_H 1
#define HAVE_STDINT_H 1
#define HAVE_UNISTD_H 1
#define HAVE_DLFCN_H 1
#define LT_OBJDIR ".libs/"
#define HAVE_LIBZ 1
#define HAVE_ARPA_INET_H 1
#define HAVE_FCNTL_H 1
#define HAVE_NETINET_IN_H 1
#define HAVE_NETDB_H 1
#define HAVE_SYS_SOCKET_H 1
#define HAVE_SYS_TIME_H 1
#define HAVE_UNISTD_H 1
#define HAVE_SOCKLEN_T 1
#define TIME_WITH_SYS_TIME 1
#define STDC_HEADERS 1
#define HAVE_STDLIB_H 1
#define HAVE_MALLOC 1
#define HAVE_STDLIB_H 1
#define HAVE_REALLOC 1
#define HAVE_SYS_SELECT_H 1
#define HAVE_SYS_SOCKET_H 1
#define SELECT_TYPE_ARG1 int
#define SELECT_TYPE_ARG234 (fd_set *)
#define SELECT_TYPE_ARG5 (struct timeval *)
#define HAVE_VPRINTF 1
#define HAVE_FLOOR 1
#define HAVE_INET_ADDR 1
#define HAVE_GETADDRINFO 1
#define HAVE_GETHOSTBYNAME 1
#define HAVE_GETTIMEOFDAY 1
#define HAVE_MEMSET 1
#define HAVE_POW 1
#define HAVE_RINT 1
#define HAVE_SELECT 1
#define HAVE_SOCKET 1
#define HAVE_SQRT 1
#define HAVE_STRERROR 1
#define HAVE_STRTOL 1
#define HAVE_BOOST /**/

configure: exit 0
